2020-05-30 00:43:23.626  INFO 25352 --- [restartedMain] com.xebia.linksharing.LinkSharing        : Starting LinkSharing on XE-GGN-IT-00021 with PID 25352 (D:\pagination-example\pagination-example\target\classes started by upatra in D:\pagination-example\pagination-example)
2020-05-30 00:43:23.626  INFO 25352 --- [restartedMain] com.xebia.linksharing.LinkSharing        : The following profiles are active: dev
2020-05-30 00:43:24.072  INFO 25352 --- [restartedMain] .s.d.r.c.RepositoryConfigurationDelegate : Bootstrapping Spring Data JPA repositories in DEFAULT mode.
2020-05-30 00:43:24.083  INFO 25352 --- [restartedMain] .s.d.r.c.RepositoryConfigurationDelegate : Finished Spring Data repository scanning in 10ms. Found 1 JPA repository interfaces.
2020-05-30 00:43:24.405  INFO 25352 --- [restartedMain] o.s.b.w.embedded.tomcat.TomcatWebServer  : Tomcat initialized with port(s): 8090 (http)
2020-05-30 00:43:24.405  INFO 25352 --- [restartedMain] o.apache.catalina.core.StandardService   : Starting service [Tomcat]
2020-05-30 00:43:24.405  INFO 25352 --- [restartedMain] org.apache.catalina.core.StandardEngine  : Starting Servlet engine: [Apache Tomcat/9.0.33]
2020-05-30 00:43:24.430  INFO 25352 --- [restartedMain] o.a.c.c.C.[Tomcat-3].[localhost].[/]     : Initializing Spring embedded WebApplicationContext
2020-05-30 00:43:24.430  INFO 25352 --- [restartedMain] o.s.web.context.ContextLoader            : Root WebApplicationContext: initialization completed in 799 ms
2020-05-30 00:43:24.448  INFO 25352 --- [restartedMain] com.zaxxer.hikari.HikariDataSource       : HikariPool-50 - Starting...
2020-05-30 00:43:24.450  INFO 25352 --- [restartedMain] com.zaxxer.hikari.HikariDataSource       : HikariPool-50 - Start completed.
2020-05-30 00:43:24.453  INFO 25352 --- [restartedMain] o.s.b.a.h2.H2ConsoleAutoConfiguration    : H2 console available at '/h2'. Database available at 'jdbc:h2:mem:test'
2020-05-30 00:43:24.488  INFO 25352 --- [restartedMain] o.hibernate.jpa.internal.util.LogHelper  : HHH000204: Processing PersistenceUnitInfo [name: default]
2020-05-30 00:43:24.493  INFO 25352 --- [restartedMain] org.hibernate.dialect.Dialect            : HHH000400: Using dialect: org.hibernate.dialect.H2Dialect
2020-05-30 00:43:24.615 DEBUG 25352 --- [restartedMain] org.hibernate.SQL                        : create table albums (id bigint not null, artist varchar(255), description varchar(255), created_time timestamp, title varchar(255), primary key (id))
2020-05-30 00:43:24.616 DEBUG 25352 --- [restartedMain] org.hibernate.SQL                        : create table comments (id bigint generated by default as identity, created_at timestamp not null, text varchar(255) not null, post_id bigint not null, primary key (id))
2020-05-30 00:43:24.617 DEBUG 25352 --- [restartedMain] org.hibernate.SQL                        : create table links (id bigint generated by default as identity, created_at timestamp not null, fav_count integer, status boolean, title varchar(255), url varchar(255), primary key (id))
2020-05-30 00:43:24.618 DEBUG 25352 --- [restartedMain] org.hibernate.SQL                        : create table posts (id bigint generated by default as identity, created_at timestamp not null, content clob not null, description varchar(250) not null, title varchar(100) not null, primary key (id))
2020-05-30 00:43:24.618 DEBUG 25352 --- [restartedMain] org.hibernate.SQL                        : create table user (id bigint generated by default as identity, created_time timestamp, dob date, password varchar(255), updated_time timestamp, user_name varchar(255), primary key (id))
2020-05-30 00:43:24.619 DEBUG 25352 --- [restartedMain] org.hibernate.SQL                        : alter table posts drop constraint if exists UK_mchce1gm7f6otpphxd6ixsdps
2020-05-30 00:43:24.619 DEBUG 25352 --- [restartedMain] org.hibernate.SQL                        : alter table posts add constraint UK_mchce1gm7f6otpphxd6ixsdps unique (title)
2020-05-30 00:43:24.619 DEBUG 25352 --- [restartedMain] org.hibernate.SQL                        : create sequence hibernate_sequence start with 1 increment by 1
2020-05-30 00:43:24.620 DEBUG 25352 --- [restartedMain] org.hibernate.SQL                        : alter table comments add constraint FKh4c7lvsc298whoyd4w9ta25cr foreign key (post_id) references posts
2020-05-30 00:43:24.621  INFO 25352 --- [restartedMain] o.h.e.t.j.p.i.JtaPlatformInitiator       : HHH000490: Using JtaPlatform implementation: [org.hibernate.engine.transaction.jta.platform.internal.NoJtaPlatform]
2020-05-30 00:43:24.621  INFO 25352 --- [restartedMain] j.LocalContainerEntityManagerFactoryBean : Initialized JPA EntityManagerFactory for persistence unit 'default'
2020-05-30 00:43:24.749  INFO 25352 --- [restartedMain] c.x.l.infra.config.web.WebConfigurer     : Web application configuration, using profiles: dev
2020-05-30 00:43:24.749  INFO 25352 --- [restartedMain] c.x.l.infra.config.web.WebConfigurer     : Web application fully configured
2020-05-30 00:43:24.769  INFO 25352 --- [restartedMain] o.s.b.d.a.OptionalLiveReloadServer       : LiveReload server is running on port 35729
2020-05-30 00:43:24.964  INFO 25352 --- [restartedMain] pertySourcedRequestMappingHandlerMapping : Mapped URL path [/v2/api-docs] onto method [springfox.documentation.swagger2.web.Swagger2Controller#getDocumentation(String, HttpServletRequest)]
2020-05-30 00:43:25.042  INFO 25352 --- [restartedMain] o.s.s.concurrent.ThreadPoolTaskExecutor  : Initializing ExecutorService 'applicationTaskExecutor'
2020-05-30 00:43:25.147  INFO 25352 --- [restartedMain] d.s.w.p.DocumentationPluginsBootstrapper : Context refreshed
2020-05-30 00:43:25.148  INFO 25352 --- [restartedMain] d.s.w.p.DocumentationPluginsBootstrapper : Found 1 custom documentation plugin(s)
2020-05-30 00:43:25.157  INFO 25352 --- [restartedMain] s.d.s.w.s.ApiListingReferenceScanner     : Scanning for api listing references
2020-05-30 00:43:25.194  INFO 25352 --- [restartedMain] o.s.b.w.embedded.tomcat.TomcatWebServer  : Tomcat started on port(s): 8090 (http) with context path ''
2020-05-30 00:43:25.195  INFO 25352 --- [restartedMain] com.xebia.linksharing.LinkSharing        : Started LinkSharing in 1.604 seconds (JVM running for 8936.412)
2020-05-30 00:43:25.198  INFO 25352 --- [restartedMain] .ConditionEvaluationDeltaLoggingListener : Condition evaluation unchanged
2020-05-30 00:43:54.189  INFO 25352 --- [Thread-251] o.s.s.concurrent.ThreadPoolTaskExecutor  : Shutting down ExecutorService 'applicationTaskExecutor'
2020-05-30 00:43:54.197  INFO 25352 --- [Thread-251] j.LocalContainerEntityManagerFactoryBean : Closing JPA EntityManagerFactory for persistence unit 'default'
2020-05-30 00:43:54.401  WARN 25352 --- [Thread-251] o.s.b.f.support.DisposableBeanAdapter    : Invocation of destroy method failed on bean with name 'inMemoryDatabaseShutdownExecutor': org.h2.jdbc.JdbcSQLNonTransientConnectionException: Database is already closed (to disable automatic closing at VM shutdown, add ";DB_CLOSE_ON_EXIT=FALSE" to the db URL) [90121-200]
2020-05-30 00:43:54.401  INFO 25352 --- [Thread-251] com.zaxxer.hikari.HikariDataSource       : HikariPool-50 - Shutdown initiated...
2020-05-30 00:43:54.403  INFO 25352 --- [Thread-251] com.zaxxer.hikari.HikariDataSource       : HikariPool-50 - Shutdown completed.
2020-05-30 00:43:55.828  INFO 25352 --- [restartedMain] com.xebia.linksharing.LinkSharing        : Starting LinkSharing on XE-GGN-IT-00021 with PID 25352 (D:\pagination-example\pagination-example\target\classes started by upatra in D:\pagination-example\pagination-example)
2020-05-30 00:43:55.828  INFO 25352 --- [restartedMain] com.xebia.linksharing.LinkSharing        : The following profiles are active: dev
2020-05-30 00:43:56.267  INFO 25352 --- [restartedMain] .s.d.r.c.RepositoryConfigurationDelegate : Bootstrapping Spring Data JPA repositories in DEFAULT mode.
2020-05-30 00:43:56.281  INFO 25352 --- [restartedMain] .s.d.r.c.RepositoryConfigurationDelegate : Finished Spring Data repository scanning in 14ms. Found 1 JPA repository interfaces.
2020-05-30 00:43:56.646  INFO 25352 --- [restartedMain] o.s.b.w.embedded.tomcat.TomcatWebServer  : Tomcat initialized with port(s): 8090 (http)
2020-05-30 00:43:56.647  INFO 25352 --- [restartedMain] o.apache.catalina.core.StandardService   : Starting service [Tomcat]
2020-05-30 00:43:56.647  INFO 25352 --- [restartedMain] org.apache.catalina.core.StandardEngine  : Starting Servlet engine: [Apache Tomcat/9.0.33]
2020-05-30 00:43:56.671  INFO 25352 --- [restartedMain] o.a.c.c.C.[Tomcat-3].[localhost].[/]     : Initializing Spring embedded WebApplicationContext
2020-05-30 00:43:56.672  INFO 25352 --- [restartedMain] o.s.web.context.ContextLoader            : Root WebApplicationContext: initialization completed in 841 ms
2020-05-30 00:43:56.690  INFO 25352 --- [restartedMain] com.zaxxer.hikari.HikariDataSource       : HikariPool-51 - Starting...
2020-05-30 00:43:56.692  INFO 25352 --- [restartedMain] com.zaxxer.hikari.HikariDataSource       : HikariPool-51 - Start completed.
2020-05-30 00:43:56.696  INFO 25352 --- [restartedMain] o.s.b.a.h2.H2ConsoleAutoConfiguration    : H2 console available at '/h2'. Database available at 'jdbc:h2:mem:test'
2020-05-30 00:43:56.730  INFO 25352 --- [restartedMain] o.hibernate.jpa.internal.util.LogHelper  : HHH000204: Processing PersistenceUnitInfo [name: default]
2020-05-30 00:43:56.734  INFO 25352 --- [restartedMain] org.hibernate.dialect.Dialect            : HHH000400: Using dialect: org.hibernate.dialect.H2Dialect
2020-05-30 00:43:56.824 DEBUG 25352 --- [restartedMain] org.hibernate.SQL                        : create table albums (id bigint not null, artist varchar(255), description varchar(255), created_time timestamp, title varchar(255), primary key (id))
2020-05-30 00:43:56.824 DEBUG 25352 --- [restartedMain] org.hibernate.SQL                        : create table comments (id bigint generated by default as identity, created_at timestamp not null, text varchar(255) not null, post_id bigint not null, primary key (id))
2020-05-30 00:43:56.825 DEBUG 25352 --- [restartedMain] org.hibernate.SQL                        : create table links (id bigint generated by default as identity, created_at timestamp not null, fav_count integer, status boolean, title varchar(255), url varchar(255), primary key (id))
2020-05-30 00:43:56.826 DEBUG 25352 --- [restartedMain] org.hibernate.SQL                        : create table posts (id bigint generated by default as identity, created_at timestamp not null, content clob not null, description varchar(250) not null, title varchar(100) not null, primary key (id))
2020-05-30 00:43:56.827 DEBUG 25352 --- [restartedMain] org.hibernate.SQL                        : create table user (id bigint generated by default as identity, created_time timestamp, dob date, password varchar(255), updated_time timestamp, user_name varchar(255), primary key (id))
2020-05-30 00:43:56.828 DEBUG 25352 --- [restartedMain] org.hibernate.SQL                        : alter table posts drop constraint if exists UK_mchce1gm7f6otpphxd6ixsdps
2020-05-30 00:43:56.828 DEBUG 25352 --- [restartedMain] org.hibernate.SQL                        : alter table posts add constraint UK_mchce1gm7f6otpphxd6ixsdps unique (title)
2020-05-30 00:43:56.829 DEBUG 25352 --- [restartedMain] org.hibernate.SQL                        : create sequence hibernate_sequence start with 1 increment by 1
2020-05-30 00:43:56.829 DEBUG 25352 --- [restartedMain] org.hibernate.SQL                        : alter table comments add constraint FKh4c7lvsc298whoyd4w9ta25cr foreign key (post_id) references posts
2020-05-30 00:43:56.830  INFO 25352 --- [restartedMain] o.h.e.t.j.p.i.JtaPlatformInitiator       : HHH000490: Using JtaPlatform implementation: [org.hibernate.engine.transaction.jta.platform.internal.NoJtaPlatform]
2020-05-30 00:43:56.830  INFO 25352 --- [restartedMain] j.LocalContainerEntityManagerFactoryBean : Initialized JPA EntityManagerFactory for persistence unit 'default'
2020-05-30 00:43:56.953  INFO 25352 --- [restartedMain] c.x.l.infra.config.web.WebConfigurer     : Web application configuration, using profiles: dev
2020-05-30 00:43:56.953  INFO 25352 --- [restartedMain] c.x.l.infra.config.web.WebConfigurer     : Web application fully configured
2020-05-30 00:43:56.970  INFO 25352 --- [restartedMain] o.s.b.d.a.OptionalLiveReloadServer       : LiveReload server is running on port 35729
2020-05-30 00:43:57.170  INFO 25352 --- [restartedMain] pertySourcedRequestMappingHandlerMapping : Mapped URL path [/v2/api-docs] onto method [springfox.documentation.swagger2.web.Swagger2Controller#getDocumentation(String, HttpServletRequest)]
2020-05-30 00:43:57.255  INFO 25352 --- [restartedMain] o.s.s.concurrent.ThreadPoolTaskExecutor  : Initializing ExecutorService 'applicationTaskExecutor'
2020-05-30 00:43:57.376  INFO 25352 --- [restartedMain] d.s.w.p.DocumentationPluginsBootstrapper : Context refreshed
2020-05-30 00:43:57.378  INFO 25352 --- [restartedMain] d.s.w.p.DocumentationPluginsBootstrapper : Found 1 custom documentation plugin(s)
2020-05-30 00:43:57.388  INFO 25352 --- [restartedMain] s.d.s.w.s.ApiListingReferenceScanner     : Scanning for api listing references
2020-05-30 00:43:57.436  INFO 25352 --- [restartedMain] o.s.b.w.embedded.tomcat.TomcatWebServer  : Tomcat started on port(s): 8090 (http) with context path ''
2020-05-30 00:43:57.437  INFO 25352 --- [restartedMain] com.xebia.linksharing.LinkSharing        : Started LinkSharing in 1.637 seconds (JVM running for 8968.654)
2020-05-30 00:43:57.447  INFO 25352 --- [restartedMain] .ConditionEvaluationDeltaLoggingListener : Condition evaluation unchanged
2020-05-30 00:46:27.549  INFO 25352 --- [http-nio-8090-exec-1] o.a.c.c.C.[Tomcat-3].[localhost].[/]     : Initializing Spring DispatcherServlet 'dispatcherServlet'
2020-05-30 00:46:27.551  INFO 25352 --- [http-nio-8090-exec-1] o.s.web.servlet.DispatcherServlet        : Initializing Servlet 'dispatcherServlet'
2020-05-30 00:46:27.556  INFO 25352 --- [http-nio-8090-exec-1] o.s.web.servlet.DispatcherServlet        : Completed initialization in 5 ms
2020-05-30 00:46:27.576 DEBUG 25352 --- [http-nio-8090-exec-1] org.hibernate.SQL                        : select count(distinct link0_.id) as col_0_0_ from links link0_
2020-05-30 00:46:35.336  WARN 25352 --- [http-nio-8090-exec-3] .m.m.a.ExceptionHandlerExceptionResolver : Resolved [com.xebia.linksharing.common.exception.InvalidUrlException: URL does not work ::string]
2020-05-30 00:46:47.791 DEBUG 25352 --- [http-nio-8090-exec-4] org.hibernate.SQL                        : select link0_.id as id1_2_0_, link0_.created_at as created_2_2_0_, link0_.fav_count as fav_coun3_2_0_, link0_.status as status4_2_0_, link0_.title as title5_2_0_, link0_.url as url6_2_0_ from links link0_ where link0_.id=?
2020-05-30 00:46:47.799  WARN 25352 --- [http-nio-8090-exec-4] .m.m.a.ExceptionHandlerExceptionResolver : Resolved [com.xebia.linksharing.common.exception.WebLinkNotFoundException: Web link is not found for this id :: 11]
2020-05-30 00:47:18.522 DEBUG 25352 --- [http-nio-8090-exec-5] org.hibernate.SQL                        : select link0_.id as id1_2_, link0_.created_at as created_2_2_, link0_.fav_count as fav_coun3_2_, link0_.status as status4_2_, link0_.title as title5_2_, link0_.url as url6_2_ from links link0_ where link0_.status=? order by link0_.created_at asc
2020-05-30 00:53:07.630  INFO 25352 --- [Thread-256] o.s.s.concurrent.ThreadPoolTaskExecutor  : Shutting down ExecutorService 'applicationTaskExecutor'
2020-05-30 00:53:07.637  INFO 25352 --- [Thread-256] j.LocalContainerEntityManagerFactoryBean : Closing JPA EntityManagerFactory for persistence unit 'default'
2020-05-30 00:53:07.841  WARN 25352 --- [Thread-256] o.s.b.f.support.DisposableBeanAdapter    : Invocation of destroy method failed on bean with name 'inMemoryDatabaseShutdownExecutor': org.h2.jdbc.JdbcSQLNonTransientConnectionException: Database is already closed (to disable automatic closing at VM shutdown, add ";DB_CLOSE_ON_EXIT=FALSE" to the db URL) [90121-200]
2020-05-30 00:53:07.841  INFO 25352 --- [Thread-256] com.zaxxer.hikari.HikariDataSource       : HikariPool-51 - Shutdown initiated...
2020-05-30 00:53:07.844  INFO 25352 --- [Thread-256] com.zaxxer.hikari.HikariDataSource       : HikariPool-51 - Shutdown completed.
2020-05-30 00:53:09.864  INFO 25352 --- [restartedMain] com.xebia.linksharing.LinkSharing        : Starting LinkSharing on XE-GGN-IT-00021 with PID 25352 (D:\pagination-example\pagination-example\target\classes started by upatra in D:\pagination-example\pagination-example)
2020-05-30 00:53:09.864  INFO 25352 --- [restartedMain] com.xebia.linksharing.LinkSharing        : The following profiles are active: dev
2020-05-30 00:53:10.357  INFO 25352 --- [restartedMain] .s.d.r.c.RepositoryConfigurationDelegate : Bootstrapping Spring Data JPA repositories in DEFAULT mode.
2020-05-30 00:53:10.368  INFO 25352 --- [restartedMain] .s.d.r.c.RepositoryConfigurationDelegate : Finished Spring Data repository scanning in 10ms. Found 1 JPA repository interfaces.
2020-05-30 00:53:10.788  INFO 25352 --- [restartedMain] o.s.b.w.embedded.tomcat.TomcatWebServer  : Tomcat initialized with port(s): 8090 (http)
2020-05-30 00:53:10.789  INFO 25352 --- [restartedMain] o.apache.catalina.core.StandardService   : Starting service [Tomcat]
2020-05-30 00:53:10.789  INFO 25352 --- [restartedMain] org.apache.catalina.core.StandardEngine  : Starting Servlet engine: [Apache Tomcat/9.0.33]
2020-05-30 00:53:10.816  INFO 25352 --- [restartedMain] o.a.c.c.C.[Tomcat-3].[localhost].[/]     : Initializing Spring embedded WebApplicationContext
2020-05-30 00:53:10.816  INFO 25352 --- [restartedMain] o.s.web.context.ContextLoader            : Root WebApplicationContext: initialization completed in 949 ms
2020-05-30 00:53:10.838  INFO 25352 --- [restartedMain] com.zaxxer.hikari.HikariDataSource       : HikariPool-52 - Starting...
2020-05-30 00:53:10.840  INFO 25352 --- [restartedMain] com.zaxxer.hikari.HikariDataSource       : HikariPool-52 - Start completed.
2020-05-30 00:53:10.843  INFO 25352 --- [restartedMain] o.s.b.a.h2.H2ConsoleAutoConfiguration    : H2 console available at '/h2'. Database available at 'jdbc:h2:mem:test'
2020-05-30 00:53:10.879  INFO 25352 --- [restartedMain] o.hibernate.jpa.internal.util.LogHelper  : HHH000204: Processing PersistenceUnitInfo [name: default]
2020-05-30 00:53:10.885  INFO 25352 --- [restartedMain] org.hibernate.dialect.Dialect            : HHH000400: Using dialect: org.hibernate.dialect.H2Dialect
2020-05-30 00:53:10.998 DEBUG 25352 --- [restartedMain] org.hibernate.SQL                        : create table albums (id bigint not null, artist varchar(255), description varchar(255), created_time timestamp, title varchar(255), primary key (id))
2020-05-30 00:53:10.998 DEBUG 25352 --- [restartedMain] org.hibernate.SQL                        : create table comments (id bigint generated by default as identity, created_at timestamp not null, text varchar(255) not null, post_id bigint not null, primary key (id))
2020-05-30 00:53:10.999 DEBUG 25352 --- [restartedMain] org.hibernate.SQL                        : create table links (id bigint generated by default as identity, created_at timestamp not null, fav_count integer, status boolean, title varchar(255), url varchar(255), primary key (id))
2020-05-30 00:53:11.000 DEBUG 25352 --- [restartedMain] org.hibernate.SQL                        : create table posts (id bigint generated by default as identity, created_at timestamp not null, content clob not null, description varchar(250) not null, title varchar(100) not null, primary key (id))
2020-05-30 00:53:11.002 DEBUG 25352 --- [restartedMain] org.hibernate.SQL                        : create table user (id bigint generated by default as identity, created_time timestamp, dob date, password varchar(255), updated_time timestamp, user_name varchar(255), primary key (id))
2020-05-30 00:53:11.003 DEBUG 25352 --- [restartedMain] org.hibernate.SQL                        : alter table posts drop constraint if exists UK_mchce1gm7f6otpphxd6ixsdps
2020-05-30 00:53:11.004 DEBUG 25352 --- [restartedMain] org.hibernate.SQL                        : alter table posts add constraint UK_mchce1gm7f6otpphxd6ixsdps unique (title)
2020-05-30 00:53:11.004 DEBUG 25352 --- [restartedMain] org.hibernate.SQL                        : create sequence hibernate_sequence start with 1 increment by 1
2020-05-30 00:53:11.005 DEBUG 25352 --- [restartedMain] org.hibernate.SQL                        : alter table comments add constraint FKh4c7lvsc298whoyd4w9ta25cr foreign key (post_id) references posts
2020-05-30 00:53:11.006  INFO 25352 --- [restartedMain] o.h.e.t.j.p.i.JtaPlatformInitiator       : HHH000490: Using JtaPlatform implementation: [org.hibernate.engine.transaction.jta.platform.internal.NoJtaPlatform]
2020-05-30 00:53:11.007  INFO 25352 --- [restartedMain] j.LocalContainerEntityManagerFactoryBean : Initialized JPA EntityManagerFactory for persistence unit 'default'
2020-05-30 00:53:11.133  INFO 25352 --- [restartedMain] c.x.l.infra.config.web.WebConfigurer     : Web application configuration, using profiles: dev
2020-05-30 00:53:11.133  INFO 25352 --- [restartedMain] c.x.l.infra.config.web.WebConfigurer     : Web application fully configured
2020-05-30 00:53:11.152  INFO 25352 --- [restartedMain] o.s.b.d.a.OptionalLiveReloadServer       : LiveReload server is running on port 35729
2020-05-30 00:53:11.333  INFO 25352 --- [restartedMain] pertySourcedRequestMappingHandlerMapping : Mapped URL path [/v2/api-docs] onto method [springfox.documentation.swagger2.web.Swagger2Controller#getDocumentation(String, HttpServletRequest)]
2020-05-30 00:53:11.410  INFO 25352 --- [restartedMain] o.s.s.concurrent.ThreadPoolTaskExecutor  : Initializing ExecutorService 'applicationTaskExecutor'
2020-05-30 00:53:11.543  INFO 25352 --- [restartedMain] d.s.w.p.DocumentationPluginsBootstrapper : Context refreshed
2020-05-30 00:53:11.544  INFO 25352 --- [restartedMain] d.s.w.p.DocumentationPluginsBootstrapper : Found 1 custom documentation plugin(s)
2020-05-30 00:53:11.554  INFO 25352 --- [restartedMain] s.d.s.w.s.ApiListingReferenceScanner     : Scanning for api listing references
2020-05-30 00:53:11.596  INFO 25352 --- [restartedMain] o.s.b.w.embedded.tomcat.TomcatWebServer  : Tomcat started on port(s): 8090 (http) with context path ''
2020-05-30 00:53:11.596  INFO 25352 --- [restartedMain] com.xebia.linksharing.LinkSharing        : Started LinkSharing in 1.766 seconds (JVM running for 9522.813)
2020-05-30 00:53:11.598  INFO 25352 --- [restartedMain] .ConditionEvaluationDeltaLoggingListener : Condition evaluation unchanged
2020-05-30 01:13:23.785  INFO 25352 --- [http-nio-8090-exec-1] o.a.c.c.C.[Tomcat-3].[localhost].[/]     : Initializing Spring DispatcherServlet 'dispatcherServlet'
2020-05-30 01:13:23.787  INFO 25352 --- [http-nio-8090-exec-1] o.s.web.servlet.DispatcherServlet        : Initializing Servlet 'dispatcherServlet'
2020-05-30 01:13:23.792  INFO 25352 --- [http-nio-8090-exec-1] o.s.web.servlet.DispatcherServlet        : Completed initialization in 5 ms
2020-05-30 01:13:24.422 DEBUG 25352 --- [http-nio-8090-exec-1] org.hibernate.SQL                        : select link0_.id as id1_2_, link0_.created_at as created_2_2_, link0_.fav_count as fav_coun3_2_, link0_.status as status4_2_, link0_.title as title5_2_, link0_.url as url6_2_ from links link0_ where link0_.url=?
2020-05-30 01:13:24.447 DEBUG 25352 --- [http-nio-8090-exec-1] org.hibernate.SQL                        : insert into links (id, created_at, fav_count, status, title, url) values (null, ?, ?, ?, ?, ?)
2020-05-30 01:13:50.112 DEBUG 25352 --- [http-nio-8090-exec-3] org.hibernate.SQL                        : select link0_.id as id1_2_, link0_.created_at as created_2_2_, link0_.fav_count as fav_coun3_2_, link0_.status as status4_2_, link0_.title as title5_2_, link0_.url as url6_2_ from links link0_ where link0_.url=?
2020-05-30 01:13:50.120  WARN 25352 --- [http-nio-8090-exec-3] .m.m.a.ExceptionHandlerExceptionResolver : Resolved [com.xebia.linksharing.common.exception.DuplicateUrlException: Duplicate submission ::https://www.snowpack.dev/posts/2020-05-26-snowpack-2-0-release/]
2020-05-30 02:07:05.384  INFO 6156 --- [restartedMain] com.xebia.linksharing.LinkSharing        : Starting LinkSharing on XE-GGN-IT-00021 with PID 6156 (D:\pagination-example\pagination-example\target\classes started by upatra in D:\pagination-example\pagination-example)
2020-05-30 02:07:05.388  INFO 6156 --- [restartedMain] com.xebia.linksharing.LinkSharing        : The following profiles are active: dev
2020-05-30 02:07:05.461  INFO 6156 --- [restartedMain] o.s.b.devtools.restart.ChangeableUrls    : The Class-Path manifest attribute in C:\Users\upatra\.m2\repository\org\glassfish\jaxb\jaxb-runtime\2.3.2\jaxb-runtime-2.3.2.jar referenced one or more files that do not exist: file:/C:/Users/upatra/.m2/repository/org/glassfish/jaxb/jaxb-runtime/2.3.2/jakarta.xml.bind-api-2.3.2.jar,file:/C:/Users/upatra/.m2/repository/org/glassfish/jaxb/jaxb-runtime/2.3.2/txw2-2.3.2.jar,file:/C:/Users/upatra/.m2/repository/org/glassfish/jaxb/jaxb-runtime/2.3.2/istack-commons-runtime-3.0.8.jar,file:/C:/Users/upatra/.m2/repository/org/glassfish/jaxb/jaxb-runtime/2.3.2/stax-ex-1.8.1.jar,file:/C:/Users/upatra/.m2/repository/org/glassfish/jaxb/jaxb-runtime/2.3.2/FastInfoset-1.2.16.jar,file:/C:/Users/upatra/.m2/repository/org/glassfish/jaxb/jaxb-runtime/2.3.2/jakarta.activation-api-1.2.1.jar
2020-05-30 02:07:05.462  INFO 6156 --- [restartedMain] .e.DevToolsPropertyDefaultsPostProcessor : Devtools property defaults active! Set 'spring.devtools.add-properties' to 'false' to disable
2020-05-30 02:07:05.462  INFO 6156 --- [restartedMain] .e.DevToolsPropertyDefaultsPostProcessor : For additional web related logging consider setting the 'logging.level.web' property to 'DEBUG'
2020-05-30 02:07:06.773  INFO 6156 --- [restartedMain] .s.d.r.c.RepositoryConfigurationDelegate : Bootstrapping Spring Data JPA repositories in DEFAULT mode.
2020-05-30 02:07:06.852  INFO 6156 --- [restartedMain] .s.d.r.c.RepositoryConfigurationDelegate : Finished Spring Data repository scanning in 67ms. Found 1 JPA repository interfaces.
2020-05-30 02:07:07.913  INFO 6156 --- [restartedMain] o.s.b.w.embedded.tomcat.TomcatWebServer  : Tomcat initialized with port(s): 8090 (http)
2020-05-30 02:07:07.923  INFO 6156 --- [restartedMain] o.apache.catalina.core.StandardService   : Starting service [Tomcat]
2020-05-30 02:07:07.923  INFO 6156 --- [restartedMain] org.apache.catalina.core.StandardEngine  : Starting Servlet engine: [Apache Tomcat/9.0.33]
2020-05-30 02:07:08.228  INFO 6156 --- [restartedMain] o.a.c.c.C.[Tomcat].[localhost].[/]       : Initializing Spring embedded WebApplicationContext
2020-05-30 02:07:08.229  INFO 6156 --- [restartedMain] o.s.web.context.ContextLoader            : Root WebApplicationContext: initialization completed in 2766 ms
2020-05-30 02:07:08.293  INFO 6156 --- [restartedMain] com.zaxxer.hikari.HikariDataSource       : HikariPool-1 - Starting...
2020-05-30 02:07:08.460  INFO 6156 --- [restartedMain] com.zaxxer.hikari.HikariDataSource       : HikariPool-1 - Start completed.
2020-05-30 02:07:08.507  INFO 6156 --- [restartedMain] o.s.b.a.h2.H2ConsoleAutoConfiguration    : H2 console available at '/h2'. Database available at 'jdbc:h2:mem:test'
2020-05-30 02:07:08.740  INFO 6156 --- [restartedMain] o.hibernate.jpa.internal.util.LogHelper  : HHH000204: Processing PersistenceUnitInfo [name: default]
2020-05-30 02:07:08.826  INFO 6156 --- [restartedMain] org.hibernate.Version                    : HHH000412: Hibernate ORM core version 5.4.12.Final
2020-05-30 02:07:08.997  INFO 6156 --- [restartedMain] o.hibernate.annotations.common.Version   : HCANN000001: Hibernate Commons Annotations {5.1.0.Final}
2020-05-30 02:07:09.139  INFO 6156 --- [restartedMain] org.hibernate.dialect.Dialect            : HHH000400: Using dialect: org.hibernate.dialect.H2Dialect
2020-05-30 02:07:10.196 DEBUG 6156 --- [restartedMain] org.hibernate.SQL                        : create table albums (id bigint not null, artist varchar(255), description varchar(255), created_time timestamp, title varchar(255), primary key (id))
2020-05-30 02:07:10.198 DEBUG 6156 --- [restartedMain] org.hibernate.SQL                        : create table comments (id bigint generated by default as identity, created_at timestamp not null, text varchar(255) not null, post_id bigint not null, primary key (id))
2020-05-30 02:07:10.208 DEBUG 6156 --- [restartedMain] org.hibernate.SQL                        : create table links (id bigint generated by default as identity, created_at timestamp not null, fav_count integer, status boolean, title varchar(255), url varchar(255), primary key (id))
2020-05-30 02:07:10.212 DEBUG 6156 --- [restartedMain] org.hibernate.SQL                        : create table posts (id bigint generated by default as identity, created_at timestamp not null, content clob not null, description varchar(250) not null, title varchar(100) not null, primary key (id))
2020-05-30 02:07:10.214 DEBUG 6156 --- [restartedMain] org.hibernate.SQL                        : create table user (id bigint generated by default as identity, created_time timestamp, dob date, password varchar(255), updated_time timestamp, user_name varchar(255), primary key (id))
2020-05-30 02:07:10.217 DEBUG 6156 --- [restartedMain] org.hibernate.SQL                        : alter table posts drop constraint if exists UK_mchce1gm7f6otpphxd6ixsdps
2020-05-30 02:07:10.218 DEBUG 6156 --- [restartedMain] org.hibernate.SQL                        : alter table posts add constraint UK_mchce1gm7f6otpphxd6ixsdps unique (title)
2020-05-30 02:07:10.224 DEBUG 6156 --- [restartedMain] org.hibernate.SQL                        : create sequence hibernate_sequence start with 1 increment by 1
2020-05-30 02:07:10.226 DEBUG 6156 --- [restartedMain] org.hibernate.SQL                        : alter table comments add constraint FKh4c7lvsc298whoyd4w9ta25cr foreign key (post_id) references posts
2020-05-30 02:07:10.234  INFO 6156 --- [restartedMain] o.h.e.t.j.p.i.JtaPlatformInitiator       : HHH000490: Using JtaPlatform implementation: [org.hibernate.engine.transaction.jta.platform.internal.NoJtaPlatform]
2020-05-30 02:07:10.247  INFO 6156 --- [restartedMain] j.LocalContainerEntityManagerFactoryBean : Initialized JPA EntityManagerFactory for persistence unit 'default'
2020-05-30 02:07:10.839  INFO 6156 --- [restartedMain] c.x.l.infra.config.web.WebConfigurer     : Web application configuration, using profiles: dev
2020-05-30 02:07:10.839  INFO 6156 --- [restartedMain] c.x.l.infra.config.web.WebConfigurer     : Web application fully configured
2020-05-30 02:07:10.911  WARN 6156 --- [restartedMain] o.s.b.d.a.OptionalLiveReloadServer       : Unable to start LiveReload server
2020-05-30 02:07:11.455  INFO 6156 --- [restartedMain] pertySourcedRequestMappingHandlerMapping : Mapped URL path [/v2/api-docs] onto method [springfox.documentation.swagger2.web.Swagger2Controller#getDocumentation(String, HttpServletRequest)]
2020-05-30 02:07:11.676  INFO 6156 --- [restartedMain] o.s.s.concurrent.ThreadPoolTaskExecutor  : Initializing ExecutorService 'applicationTaskExecutor'
2020-05-30 02:07:11.898  INFO 6156 --- [restartedMain] d.s.w.p.DocumentationPluginsBootstrapper : Context refreshed
2020-05-30 02:07:11.918  INFO 6156 --- [restartedMain] d.s.w.p.DocumentationPluginsBootstrapper : Found 1 custom documentation plugin(s)
2020-05-30 02:07:11.980  INFO 6156 --- [restartedMain] s.d.s.w.s.ApiListingReferenceScanner     : Scanning for api listing references
2020-05-30 02:07:12.244  INFO 6156 --- [restartedMain] o.apache.catalina.core.StandardService   : Stopping service [Tomcat]
2020-05-30 02:07:12.249  WARN 6156 --- [restartedMain] o.a.c.loader.WebappClassLoaderBase       : The web application [ROOT] appears to have started a thread named [HikariPool-1 housekeeper] but has failed to stop it. This is very likely to create a memory leak. Stack trace of thread:
 sun.misc.Unsafe.park(Native Method)
 java.util.concurrent.locks.LockSupport.parkNanos(LockSupport.java:215)
 java.util.concurrent.locks.AbstractQueuedSynchronizer$ConditionObject.awaitNanos(AbstractQueuedSynchronizer.java:2078)
 java.util.concurrent.ScheduledThreadPoolExecutor$DelayedWorkQueue.take(ScheduledThreadPoolExecutor.java:1093)
 java.util.concurrent.ScheduledThreadPoolExecutor$DelayedWorkQueue.take(ScheduledThreadPoolExecutor.java:809)
 java.util.concurrent.ThreadPoolExecutor.getTask(ThreadPoolExecutor.java:1074)
 java.util.concurrent.ThreadPoolExecutor.runWorker(ThreadPoolExecutor.java:1134)
 java.util.concurrent.ThreadPoolExecutor$Worker.run(ThreadPoolExecutor.java:624)
 java.lang.Thread.run(Thread.java:748)
2020-05-30 02:07:12.251  WARN 6156 --- [restartedMain] o.a.c.loader.WebappClassLoaderBase       : The web application [ROOT] appears to have started a thread named [HikariPool-1 connection adder] but has failed to stop it. This is very likely to create a memory leak. Stack trace of thread:
 sun.misc.Unsafe.park(Native Method)
 java.util.concurrent.locks.LockSupport.parkNanos(LockSupport.java:215)
 java.util.concurrent.locks.AbstractQueuedSynchronizer$ConditionObject.awaitNanos(AbstractQueuedSynchronizer.java:2078)
 java.util.concurrent.LinkedBlockingQueue.poll(LinkedBlockingQueue.java:467)
 java.util.concurrent.ThreadPoolExecutor.getTask(ThreadPoolExecutor.java:1073)
 java.util.concurrent.ThreadPoolExecutor.runWorker(ThreadPoolExecutor.java:1134)
 java.util.concurrent.ThreadPoolExecutor$Worker.run(ThreadPoolExecutor.java:624)
 java.lang.Thread.run(Thread.java:748)
2020-05-30 02:07:12.258  INFO 6156 --- [restartedMain] ConditionEvaluationReportLoggingListener : 

Error starting ApplicationContext. To display the conditions report re-run your application with 'debug' enabled.
2020-05-30 02:07:12.263 ERROR 6156 --- [restartedMain] o.s.b.d.LoggingFailureAnalysisReporter   : 

***************************
APPLICATION FAILED TO START
***************************

Description:

Web server failed to start. Port 8090 was already in use.

Action:

Identify and stop the process that's listening on port 8090 or configure this application to listen on another port.

2020-05-30 02:07:12.267  INFO 6156 --- [restartedMain] o.s.s.concurrent.ThreadPoolTaskExecutor  : Shutting down ExecutorService 'applicationTaskExecutor'
2020-05-30 02:07:12.270  INFO 6156 --- [restartedMain] j.LocalContainerEntityManagerFactoryBean : Closing JPA EntityManagerFactory for persistence unit 'default'
2020-05-30 02:07:12.476  WARN 6156 --- [restartedMain] o.s.b.f.support.DisposableBeanAdapter    : Invocation of destroy method failed on bean with name 'inMemoryDatabaseShutdownExecutor': org.h2.jdbc.JdbcSQLNonTransientConnectionException: Database is already closed (to disable automatic closing at VM shutdown, add ";DB_CLOSE_ON_EXIT=FALSE" to the db URL) [90121-200]
2020-05-30 02:07:12.477  INFO 6156 --- [restartedMain] com.zaxxer.hikari.HikariDataSource       : HikariPool-1 - Shutdown initiated...
2020-05-30 02:07:12.483  INFO 6156 --- [restartedMain] com.zaxxer.hikari.HikariDataSource       : HikariPool-1 - Shutdown completed.
2020-05-30 02:07:31.915  INFO 25352 --- [RMI TCP Connection(2)-127.0.0.1] inMXBeanRegistrar$SpringApplicationAdmin : Application shutdown requested.
2020-05-30 02:07:31.919  INFO 25352 --- [RMI TCP Connection(2)-127.0.0.1] o.s.s.concurrent.ThreadPoolTaskExecutor  : Shutting down ExecutorService 'applicationTaskExecutor'
2020-05-30 02:07:31.921  INFO 25352 --- [RMI TCP Connection(2)-127.0.0.1] j.LocalContainerEntityManagerFactoryBean : Closing JPA EntityManagerFactory for persistence unit 'default'
2020-05-30 02:07:32.122  WARN 25352 --- [RMI TCP Connection(2)-127.0.0.1] o.s.b.f.support.DisposableBeanAdapter    : Invocation of destroy method failed on bean with name 'inMemoryDatabaseShutdownExecutor': org.h2.jdbc.JdbcSQLNonTransientConnectionException: Database is already closed (to disable automatic closing at VM shutdown, add ";DB_CLOSE_ON_EXIT=FALSE" to the db URL) [90121-200]
2020-05-30 02:07:32.123  INFO 25352 --- [RMI TCP Connection(2)-127.0.0.1] com.zaxxer.hikari.HikariDataSource       : HikariPool-52 - Shutdown initiated...
2020-05-30 02:07:32.124  INFO 25352 --- [RMI TCP Connection(2)-127.0.0.1] com.zaxxer.hikari.HikariDataSource       : HikariPool-52 - Shutdown completed.
2020-05-30 02:07:43.258  INFO 18192 --- [restartedMain] com.xebia.linksharing.LinkSharing        : Starting LinkSharing on XE-GGN-IT-00021 with PID 18192 (D:\pagination-example\pagination-example\target\classes started by upatra in D:\pagination-example\pagination-example)
2020-05-30 02:07:43.262  INFO 18192 --- [restartedMain] com.xebia.linksharing.LinkSharing        : The following profiles are active: dev
2020-05-30 02:07:43.336  INFO 18192 --- [restartedMain] o.s.b.devtools.restart.ChangeableUrls    : The Class-Path manifest attribute in C:\Users\upatra\.m2\repository\org\glassfish\jaxb\jaxb-runtime\2.3.2\jaxb-runtime-2.3.2.jar referenced one or more files that do not exist: file:/C:/Users/upatra/.m2/repository/org/glassfish/jaxb/jaxb-runtime/2.3.2/jakarta.xml.bind-api-2.3.2.jar,file:/C:/Users/upatra/.m2/repository/org/glassfish/jaxb/jaxb-runtime/2.3.2/txw2-2.3.2.jar,file:/C:/Users/upatra/.m2/repository/org/glassfish/jaxb/jaxb-runtime/2.3.2/istack-commons-runtime-3.0.8.jar,file:/C:/Users/upatra/.m2/repository/org/glassfish/jaxb/jaxb-runtime/2.3.2/stax-ex-1.8.1.jar,file:/C:/Users/upatra/.m2/repository/org/glassfish/jaxb/jaxb-runtime/2.3.2/FastInfoset-1.2.16.jar,file:/C:/Users/upatra/.m2/repository/org/glassfish/jaxb/jaxb-runtime/2.3.2/jakarta.activation-api-1.2.1.jar
2020-05-30 02:07:43.336  INFO 18192 --- [restartedMain] .e.DevToolsPropertyDefaultsPostProcessor : Devtools property defaults active! Set 'spring.devtools.add-properties' to 'false' to disable
2020-05-30 02:07:43.337  INFO 18192 --- [restartedMain] .e.DevToolsPropertyDefaultsPostProcessor : For additional web related logging consider setting the 'logging.level.web' property to 'DEBUG'
2020-05-30 02:07:44.356  INFO 18192 --- [restartedMain] .s.d.r.c.RepositoryConfigurationDelegate : Bootstrapping Spring Data JPA repositories in DEFAULT mode.
2020-05-30 02:07:44.433  INFO 18192 --- [restartedMain] .s.d.r.c.RepositoryConfigurationDelegate : Finished Spring Data repository scanning in 64ms. Found 1 JPA repository interfaces.
2020-05-30 02:07:45.443  INFO 18192 --- [restartedMain] o.s.b.w.embedded.tomcat.TomcatWebServer  : Tomcat initialized with port(s): 8090 (http)
2020-05-30 02:07:45.454  INFO 18192 --- [restartedMain] o.apache.catalina.core.StandardService   : Starting service [Tomcat]
2020-05-30 02:07:45.454  INFO 18192 --- [restartedMain] org.apache.catalina.core.StandardEngine  : Starting Servlet engine: [Apache Tomcat/9.0.33]
2020-05-30 02:07:45.655  INFO 18192 --- [restartedMain] o.a.c.c.C.[Tomcat].[localhost].[/]       : Initializing Spring embedded WebApplicationContext
2020-05-30 02:07:45.655  INFO 18192 --- [restartedMain] o.s.web.context.ContextLoader            : Root WebApplicationContext: initialization completed in 2318 ms
2020-05-30 02:07:45.712  INFO 18192 --- [restartedMain] com.zaxxer.hikari.HikariDataSource       : HikariPool-1 - Starting...
2020-05-30 02:07:45.880  INFO 18192 --- [restartedMain] com.zaxxer.hikari.HikariDataSource       : HikariPool-1 - Start completed.
2020-05-30 02:07:45.918  INFO 18192 --- [restartedMain] o.s.b.a.h2.H2ConsoleAutoConfiguration    : H2 console available at '/h2'. Database available at 'jdbc:h2:mem:test'
2020-05-30 02:07:46.167  INFO 18192 --- [restartedMain] o.hibernate.jpa.internal.util.LogHelper  : HHH000204: Processing PersistenceUnitInfo [name: default]
2020-05-30 02:07:46.252  INFO 18192 --- [restartedMain] org.hibernate.Version                    : HHH000412: Hibernate ORM core version 5.4.12.Final
2020-05-30 02:07:46.433  INFO 18192 --- [restartedMain] o.hibernate.annotations.common.Version   : HCANN000001: Hibernate Commons Annotations {5.1.0.Final}
2020-05-30 02:07:46.588  INFO 18192 --- [restartedMain] org.hibernate.dialect.Dialect            : HHH000400: Using dialect: org.hibernate.dialect.H2Dialect
2020-05-30 02:07:47.583 DEBUG 18192 --- [restartedMain] org.hibernate.SQL                        : create table albums (id bigint not null, artist varchar(255), description varchar(255), created_time timestamp, title varchar(255), primary key (id))
2020-05-30 02:07:47.585 DEBUG 18192 --- [restartedMain] org.hibernate.SQL                        : create table comments (id bigint generated by default as identity, created_at timestamp not null, text varchar(255) not null, post_id bigint not null, primary key (id))
2020-05-30 02:07:47.593 DEBUG 18192 --- [restartedMain] org.hibernate.SQL                        : create table links (id bigint generated by default as identity, created_at timestamp not null, fav_count integer, status boolean, title varchar(255), url varchar(255), primary key (id))
2020-05-30 02:07:47.596 DEBUG 18192 --- [restartedMain] org.hibernate.SQL                        : create table posts (id bigint generated by default as identity, created_at timestamp not null, content clob not null, description varchar(250) not null, title varchar(100) not null, primary key (id))
2020-05-30 02:07:47.597 DEBUG 18192 --- [restartedMain] org.hibernate.SQL                        : create table user (id bigint generated by default as identity, created_time timestamp, dob date, password varchar(255), updated_time timestamp, user_name varchar(255), primary key (id))
2020-05-30 02:07:47.600 DEBUG 18192 --- [restartedMain] org.hibernate.SQL                        : alter table posts drop constraint if exists UK_mchce1gm7f6otpphxd6ixsdps
2020-05-30 02:07:47.601 DEBUG 18192 --- [restartedMain] org.hibernate.SQL                        : alter table posts add constraint UK_mchce1gm7f6otpphxd6ixsdps unique (title)
2020-05-30 02:07:47.605 DEBUG 18192 --- [restartedMain] org.hibernate.SQL                        : create sequence hibernate_sequence start with 1 increment by 1
2020-05-30 02:07:47.607 DEBUG 18192 --- [restartedMain] org.hibernate.SQL                        : alter table comments add constraint FKh4c7lvsc298whoyd4w9ta25cr foreign key (post_id) references posts
2020-05-30 02:07:47.612  INFO 18192 --- [restartedMain] o.h.e.t.j.p.i.JtaPlatformInitiator       : HHH000490: Using JtaPlatform implementation: [org.hibernate.engine.transaction.jta.platform.internal.NoJtaPlatform]
2020-05-30 02:07:47.621  INFO 18192 --- [restartedMain] j.LocalContainerEntityManagerFactoryBean : Initialized JPA EntityManagerFactory for persistence unit 'default'
2020-05-30 02:07:48.183  INFO 18192 --- [restartedMain] c.x.l.infra.config.web.WebConfigurer     : Web application configuration, using profiles: dev
2020-05-30 02:07:48.183  INFO 18192 --- [restartedMain] c.x.l.infra.config.web.WebConfigurer     : Web application fully configured
2020-05-30 02:07:48.272  INFO 18192 --- [restartedMain] o.s.b.d.a.OptionalLiveReloadServer       : LiveReload server is running on port 35729
2020-05-30 02:07:48.750  INFO 18192 --- [restartedMain] pertySourcedRequestMappingHandlerMapping : Mapped URL path [/v2/api-docs] onto method [springfox.documentation.swagger2.web.Swagger2Controller#getDocumentation(String, HttpServletRequest)]
2020-05-30 02:07:48.972  INFO 18192 --- [restartedMain] o.s.s.concurrent.ThreadPoolTaskExecutor  : Initializing ExecutorService 'applicationTaskExecutor'
2020-05-30 02:07:49.173  INFO 18192 --- [restartedMain] d.s.w.p.DocumentationPluginsBootstrapper : Context refreshed
2020-05-30 02:07:49.196  INFO 18192 --- [restartedMain] d.s.w.p.DocumentationPluginsBootstrapper : Found 1 custom documentation plugin(s)
2020-05-30 02:07:49.251  INFO 18192 --- [restartedMain] s.d.s.w.s.ApiListingReferenceScanner     : Scanning for api listing references
2020-05-30 02:07:49.532  INFO 18192 --- [restartedMain] o.s.b.w.embedded.tomcat.TomcatWebServer  : Tomcat started on port(s): 8090 (http) with context path ''
2020-05-30 02:07:49.537  INFO 18192 --- [restartedMain] com.xebia.linksharing.LinkSharing        : Started LinkSharing in 6.82 seconds (JVM running for 8.475)
2020-05-30 02:11:12.057  INFO 18192 --- [RMI TCP Connection(2)-127.0.0.1] inMXBeanRegistrar$SpringApplicationAdmin : Application shutdown requested.
2020-05-30 02:11:12.066  INFO 18192 --- [RMI TCP Connection(2)-127.0.0.1] o.s.s.concurrent.ThreadPoolTaskExecutor  : Shutting down ExecutorService 'applicationTaskExecutor'
2020-05-30 02:11:12.304  INFO 18192 --- [RMI TCP Connection(2)-127.0.0.1] j.LocalContainerEntityManagerFactoryBean : Closing JPA EntityManagerFactory for persistence unit 'default'
2020-05-30 02:11:12.512  WARN 18192 --- [RMI TCP Connection(2)-127.0.0.1] o.s.b.f.support.DisposableBeanAdapter    : Invocation of destroy method failed on bean with name 'inMemoryDatabaseShutdownExecutor': org.h2.jdbc.JdbcSQLNonTransientConnectionException: Database is already closed (to disable automatic closing at VM shutdown, add ";DB_CLOSE_ON_EXIT=FALSE" to the db URL) [90121-200]
2020-05-30 02:11:12.513  INFO 18192 --- [RMI TCP Connection(2)-127.0.0.1] com.zaxxer.hikari.HikariDataSource       : HikariPool-1 - Shutdown initiated...
2020-05-30 02:11:12.514  INFO 18192 --- [RMI TCP Connection(2)-127.0.0.1] com.zaxxer.hikari.HikariDataSource       : HikariPool-1 - Shutdown completed.
2020-05-30 02:12:22.522  INFO 25292 --- [main] c.x.l.controller.LinkControllerTest      : Starting LinkControllerTest on XE-GGN-IT-00021 with PID 25292 (started by upatra in D:\pagination-example\pagination-example)
2020-05-30 02:12:22.524  INFO 25292 --- [main] c.x.l.controller.LinkControllerTest      : The following profiles are active: test
2020-05-30 02:12:23.988  INFO 25292 --- [main] .s.d.r.c.RepositoryConfigurationDelegate : Bootstrapping Spring Data JPA repositories in DEFAULT mode.
2020-05-30 02:12:24.106  INFO 25292 --- [main] .s.d.r.c.RepositoryConfigurationDelegate : Finished Spring Data repository scanning in 101ms. Found 1 JPA repository interfaces.
2020-05-30 02:12:25.424  INFO 25292 --- [main] com.zaxxer.hikari.HikariDataSource       : HikariPool-1 - Starting...
2020-05-30 02:12:25.888  INFO 25292 --- [main] com.zaxxer.hikari.HikariDataSource       : HikariPool-1 - Start completed.
2020-05-30 02:12:26.209  INFO 25292 --- [main] o.hibernate.jpa.internal.util.LogHelper  : HHH000204: Processing PersistenceUnitInfo [name: default]
2020-05-30 02:12:26.375  INFO 25292 --- [main] org.hibernate.Version                    : HHH000412: Hibernate ORM core version 5.4.12.Final
2020-05-30 02:12:26.726  INFO 25292 --- [main] o.hibernate.annotations.common.Version   : HCANN000001: Hibernate Commons Annotations {5.1.0.Final}
2020-05-30 02:12:27.708  INFO 25292 --- [main] org.hibernate.dialect.Dialect            : HHH000400: Using dialect: org.hibernate.dialect.H2Dialect
2020-05-30 02:12:29.168 DEBUG 25292 --- [main] org.hibernate.SQL                        : create table albums (id bigint not null, artist varchar(255), description varchar(255), created_time timestamp, title varchar(255), primary key (id))
2020-05-30 02:12:29.171 DEBUG 25292 --- [main] org.hibernate.SQL                        : create table comments (id bigint generated by default as identity, created_at timestamp not null, text varchar(255) not null, post_id bigint not null, primary key (id))
2020-05-30 02:12:29.181 DEBUG 25292 --- [main] org.hibernate.SQL                        : create table links (id bigint generated by default as identity, created_at timestamp not null, fav_count integer, status boolean, title varchar(255), url varchar(255), primary key (id))
2020-05-30 02:12:29.185 DEBUG 25292 --- [main] org.hibernate.SQL                        : create table posts (id bigint generated by default as identity, created_at timestamp not null, content clob not null, description varchar(250) not null, title varchar(100) not null, primary key (id))
2020-05-30 02:12:29.187 DEBUG 25292 --- [main] org.hibernate.SQL                        : create table user (id bigint generated by default as identity, created_time timestamp, dob date, password varchar(255), updated_time timestamp, user_name varchar(255), primary key (id))
2020-05-30 02:12:29.191 DEBUG 25292 --- [main] org.hibernate.SQL                        : alter table posts drop constraint if exists UK_mchce1gm7f6otpphxd6ixsdps
2020-05-30 02:12:29.192 DEBUG 25292 --- [main] org.hibernate.SQL                        : alter table posts add constraint UK_mchce1gm7f6otpphxd6ixsdps unique (title)
2020-05-30 02:12:29.197 DEBUG 25292 --- [main] org.hibernate.SQL                        : create sequence hibernate_sequence start with 1 increment by 1
2020-05-30 02:12:29.198 DEBUG 25292 --- [main] org.hibernate.SQL                        : alter table comments add constraint FKh4c7lvsc298whoyd4w9ta25cr foreign key (post_id) references posts
2020-05-30 02:12:29.204  INFO 25292 --- [main] o.h.e.t.j.p.i.JtaPlatformInitiator       : HHH000490: Using JtaPlatform implementation: [org.hibernate.engine.transaction.jta.platform.internal.NoJtaPlatform]
2020-05-30 02:12:29.218  INFO 25292 --- [main] j.LocalContainerEntityManagerFactoryBean : Initialized JPA EntityManagerFactory for persistence unit 'default'
2020-05-30 02:12:31.145  INFO 25292 --- [main] pertySourcedRequestMappingHandlerMapping : Mapped URL path [/v2/api-docs] onto method [springfox.documentation.swagger2.web.Swagger2Controller#getDocumentation(String, HttpServletRequest)]
2020-05-30 02:12:32.149  INFO 25292 --- [main] o.s.s.concurrent.ThreadPoolTaskExecutor  : Initializing ExecutorService 'applicationTaskExecutor'
2020-05-30 02:12:32.514  INFO 25292 --- [main] o.s.b.a.h2.H2ConsoleAutoConfiguration    : H2 console available at '/h2'. Database available at 'jdbc:h2:mem:test'
2020-05-30 02:12:32.686  INFO 25292 --- [main] o.s.b.t.m.w.SpringBootMockServletContext : Initializing Spring TestDispatcherServlet ''
2020-05-30 02:12:32.686  INFO 25292 --- [main] o.s.t.web.servlet.TestDispatcherServlet  : Initializing Servlet ''
2020-05-30 02:12:32.715  INFO 25292 --- [main] o.s.t.web.servlet.TestDispatcherServlet  : Completed initialization in 28 ms
2020-05-30 02:12:32.757  INFO 25292 --- [main] d.s.w.p.DocumentationPluginsBootstrapper : Context refreshed
2020-05-30 02:12:32.816  INFO 25292 --- [main] d.s.w.p.DocumentationPluginsBootstrapper : Found 1 custom documentation plugin(s)
2020-05-30 02:12:32.894  INFO 25292 --- [main] s.d.s.w.s.ApiListingReferenceScanner     : Scanning for api listing references
2020-05-30 02:12:33.230  INFO 25292 --- [main] c.x.l.controller.LinkControllerTest      : Started LinkControllerTest in 11.473 seconds (JVM running for 13.378)
2020-05-30 02:12:34.044 DEBUG 25292 --- [main] org.hibernate.SQL                        : select count(distinct link0_.id) as col_0_0_ from links link0_
2020-05-30 02:12:34.280  INFO 25292 --- [SpringContextShutdownHook] o.s.s.concurrent.ThreadPoolTaskExecutor  : Shutting down ExecutorService 'applicationTaskExecutor'
2020-05-30 02:12:34.290  INFO 25292 --- [SpringContextShutdownHook] j.LocalContainerEntityManagerFactoryBean : Closing JPA EntityManagerFactory for persistence unit 'default'
2020-05-30 02:12:34.295  INFO 25292 --- [SpringContextShutdownHook] com.zaxxer.hikari.HikariDataSource       : HikariPool-1 - Shutdown initiated...
2020-05-30 02:12:34.305  INFO 25292 --- [SpringContextShutdownHook] com.zaxxer.hikari.HikariDataSource       : HikariPool-1 - Shutdown completed.
2020-05-30 02:22:27.465  INFO 20856 --- [main] c.x.l.controller.LinkControllerTest      : Starting LinkControllerTest on XE-GGN-IT-00021 with PID 20856 (started by upatra in D:\pagination-example\pagination-example)
2020-05-30 02:22:27.468  INFO 20856 --- [main] c.x.l.controller.LinkControllerTest      : The following profiles are active: test
2020-05-30 02:22:29.491  INFO 20856 --- [main] .s.d.r.c.RepositoryConfigurationDelegate : Bootstrapping Spring Data JPA repositories in DEFAULT mode.
2020-05-30 02:22:29.583  INFO 20856 --- [main] .s.d.r.c.RepositoryConfigurationDelegate : Finished Spring Data repository scanning in 79ms. Found 1 JPA repository interfaces.
2020-05-30 02:22:31.143  INFO 20856 --- [main] com.zaxxer.hikari.HikariDataSource       : HikariPool-1 - Starting...
2020-05-30 02:22:31.619  INFO 20856 --- [main] com.zaxxer.hikari.HikariDataSource       : HikariPool-1 - Start completed.
2020-05-30 02:22:31.916  INFO 20856 --- [main] o.hibernate.jpa.internal.util.LogHelper  : HHH000204: Processing PersistenceUnitInfo [name: default]
2020-05-30 02:22:32.073  INFO 20856 --- [main] org.hibernate.Version                    : HHH000412: Hibernate ORM core version 5.4.12.Final
2020-05-30 02:22:32.354  INFO 20856 --- [main] o.hibernate.annotations.common.Version   : HCANN000001: Hibernate Commons Annotations {5.1.0.Final}
2020-05-30 02:22:33.218  INFO 20856 --- [main] org.hibernate.dialect.Dialect            : HHH000400: Using dialect: org.hibernate.dialect.H2Dialect
2020-05-30 02:22:34.894 DEBUG 20856 --- [main] org.hibernate.SQL                        : create table albums (id bigint not null, artist varchar(255), description varchar(255), created_time timestamp, title varchar(255), primary key (id))
2020-05-30 02:22:34.897 DEBUG 20856 --- [main] org.hibernate.SQL                        : create table comments (id bigint generated by default as identity, created_at timestamp not null, text varchar(255) not null, post_id bigint not null, primary key (id))
2020-05-30 02:22:34.907 DEBUG 20856 --- [main] org.hibernate.SQL                        : create table links (id bigint generated by default as identity, created_at timestamp not null, fav_count integer, status boolean, title varchar(255), url varchar(255), primary key (id))
2020-05-30 02:22:34.912 DEBUG 20856 --- [main] org.hibernate.SQL                        : create table posts (id bigint generated by default as identity, created_at timestamp not null, content clob not null, description varchar(250) not null, title varchar(100) not null, primary key (id))
2020-05-30 02:22:34.915 DEBUG 20856 --- [main] org.hibernate.SQL                        : create table user (id bigint generated by default as identity, created_time timestamp, dob date, password varchar(255), updated_time timestamp, user_name varchar(255), primary key (id))
2020-05-30 02:22:34.918 DEBUG 20856 --- [main] org.hibernate.SQL                        : alter table posts drop constraint if exists UK_mchce1gm7f6otpphxd6ixsdps
2020-05-30 02:22:34.919 DEBUG 20856 --- [main] org.hibernate.SQL                        : alter table posts add constraint UK_mchce1gm7f6otpphxd6ixsdps unique (title)
2020-05-30 02:22:34.924 DEBUG 20856 --- [main] org.hibernate.SQL                        : create sequence hibernate_sequence start with 1 increment by 1
2020-05-30 02:22:34.926 DEBUG 20856 --- [main] org.hibernate.SQL                        : alter table comments add constraint FKh4c7lvsc298whoyd4w9ta25cr foreign key (post_id) references posts
2020-05-30 02:22:34.934  INFO 20856 --- [main] o.h.e.t.j.p.i.JtaPlatformInitiator       : HHH000490: Using JtaPlatform implementation: [org.hibernate.engine.transaction.jta.platform.internal.NoJtaPlatform]
2020-05-30 02:22:34.956  INFO 20856 --- [main] j.LocalContainerEntityManagerFactoryBean : Initialized JPA EntityManagerFactory for persistence unit 'default'
2020-05-30 02:22:36.964  INFO 20856 --- [main] pertySourcedRequestMappingHandlerMapping : Mapped URL path [/v2/api-docs] onto method [springfox.documentation.swagger2.web.Swagger2Controller#getDocumentation(String, HttpServletRequest)]
2020-05-30 02:22:37.980  INFO 20856 --- [main] o.s.s.concurrent.ThreadPoolTaskExecutor  : Initializing ExecutorService 'applicationTaskExecutor'
2020-05-30 02:22:38.381  INFO 20856 --- [main] o.s.b.a.h2.H2ConsoleAutoConfiguration    : H2 console available at '/h2'. Database available at 'jdbc:h2:mem:test'
2020-05-30 02:22:38.559  INFO 20856 --- [main] o.s.b.t.m.w.SpringBootMockServletContext : Initializing Spring TestDispatcherServlet ''
2020-05-30 02:22:38.559  INFO 20856 --- [main] o.s.t.web.servlet.TestDispatcherServlet  : Initializing Servlet ''
2020-05-30 02:22:38.587  INFO 20856 --- [main] o.s.t.web.servlet.TestDispatcherServlet  : Completed initialization in 27 ms
2020-05-30 02:22:38.625  INFO 20856 --- [main] d.s.w.p.DocumentationPluginsBootstrapper : Context refreshed
2020-05-30 02:22:38.680  INFO 20856 --- [main] d.s.w.p.DocumentationPluginsBootstrapper : Found 1 custom documentation plugin(s)
2020-05-30 02:22:38.758  INFO 20856 --- [main] s.d.s.w.s.ApiListingReferenceScanner     : Scanning for api listing references
2020-05-30 02:22:39.102  INFO 20856 --- [main] c.x.l.controller.LinkControllerTest      : Started LinkControllerTest in 12.701 seconds (JVM running for 15.027)
2020-05-30 02:22:41.906 DEBUG 20856 --- [main] org.hibernate.SQL                        : select link0_.id as id1_2_, link0_.created_at as created_2_2_, link0_.fav_count as fav_coun3_2_, link0_.status as status4_2_, link0_.title as title5_2_, link0_.url as url6_2_ from links link0_ where link0_.url=?
2020-05-30 02:22:42.053 DEBUG 20856 --- [main] org.hibernate.SQL                        : insert into links (id, created_at, fav_count, status, title, url) values (null, ?, ?, ?, ?, ?)
2020-05-30 02:22:42.186 DEBUG 20856 --- [main] org.hibernate.SQL                        : select count(distinct link0_.id) as col_0_0_ from links link0_
2020-05-30 02:22:42.207 DEBUG 20856 --- [main] org.hibernate.SQL                        : select distinct link0_.id as id1_2_, link0_.created_at as created_2_2_, link0_.fav_count as fav_coun3_2_, link0_.status as status4_2_, link0_.title as title5_2_, link0_.url as url6_2_ from links link0_ order by link0_.fav_count desc, link0_.created_at asc limit ?
2020-05-30 02:22:42.357  INFO 20856 --- [SpringContextShutdownHook] o.s.s.concurrent.ThreadPoolTaskExecutor  : Shutting down ExecutorService 'applicationTaskExecutor'
2020-05-30 02:22:42.362  INFO 20856 --- [SpringContextShutdownHook] j.LocalContainerEntityManagerFactoryBean : Closing JPA EntityManagerFactory for persistence unit 'default'
2020-05-30 02:22:42.373  INFO 20856 --- [SpringContextShutdownHook] com.zaxxer.hikari.HikariDataSource       : HikariPool-1 - Shutdown initiated...
2020-05-30 02:22:42.388  INFO 20856 --- [SpringContextShutdownHook] com.zaxxer.hikari.HikariDataSource       : HikariPool-1 - Shutdown completed.
